> Task :expo-gradle-plugin:expo-autolinking-plugin-shared:checkKotlinGradlePluginConfigurationErrors SKIPPED
> Task :gradle-plugin:settings-plugin:checkKotlinGradlePluginConfigurationErrors SKIPPED
> Task :expo-gradle-plugin:expo-autolinking-settings-plugin:checkKotlinGradlePluginConfigurationErrors SKIPPED
> Task :gradle-plugin:shared:checkKotlinGradlePluginConfigurationErrors SKIPPED
> Task :gradle-plugin:settings-plugin:pluginDescriptors UP-TO-DATE
> Task :expo-gradle-plugin:expo-autolinking-settings-plugin:pluginDescriptors UP-TO-DATE
> Task :gradle-plugin:settings-plugin:processResources UP-TO-DATE
> Task :expo-gradle-plugin:expo-autolinking-settings-plugin:processResources UP-TO-DATE
> Task :expo-gradle-plugin:expo-autolinking-plugin-shared:compileKotlin UP-TO-DATE
> Task :gradle-plugin:shared:compileKotlin UP-TO-DATE
> Task :gradle-plugin:shared:compileJava NO-SOURCE
> Task :expo-gradle-plugin:expo-autolinking-plugin-shared:compileJava NO-SOURCE
> Task :gradle-plugin:shared:processResources NO-SOURCE
> Task :gradle-plugin:shared:classes UP-TO-DATE
> Task :expo-gradle-plugin:expo-autolinking-plugin-shared:processResources NO-SOURCE
> Task :expo-gradle-plugin:expo-autolinking-plugin-shared:classes UP-TO-DATE
> Task :gradle-plugin:shared:jar UP-TO-DATE
> Task :expo-gradle-plugin:expo-autolinking-plugin-shared:jar UP-TO-DATE
> Task :expo-gradle-plugin:expo-autolinking-settings-plugin:compileKotlin UP-TO-DATE
> Task :expo-gradle-plugin:expo-autolinking-settings-plugin:compileJava NO-SOURCE
> Task :expo-gradle-plugin:expo-autolinking-settings-plugin:classes UP-TO-DATE
> Task :expo-gradle-plugin:expo-autolinking-settings-plugin:jar UP-TO-DATE
> Task :gradle-plugin:settings-plugin:compileKotlin UP-TO-DATE
> Task :gradle-plugin:settings-plugin:compileJava NO-SOURCE
> Task :gradle-plugin:settings-plugin:classes UP-TO-DATE
> Task :gradle-plugin:settings-plugin:jar UP-TO-DATE
> Task :expo-gradle-plugin:expo-autolinking-plugin:checkKotlinGradlePluginConfigurationErrors SKIPPED
> Task :gradle-plugin:react-native-gradle-plugin:checkKotlinGradlePluginConfigurationErrors SKIPPED
> Task :expo-module-gradle-plugin:checkKotlinGradlePluginConfigurationErrors SKIPPED
> Task :expo-module-gradle-plugin:pluginDescriptors UP-TO-DATE
> Task :expo-gradle-plugin:expo-autolinking-plugin:compileKotlin UP-TO-DATE
> Task :expo-module-gradle-plugin:processResources UP-TO-DATE
> Task :expo-gradle-plugin:expo-autolinking-plugin:compileJava NO-SOURCE
> Task :expo-gradle-plugin:expo-autolinking-plugin:pluginDescriptors UP-TO-DATE
> Task :expo-gradle-plugin:expo-autolinking-plugin:processResources UP-TO-DATE
> Task :expo-gradle-plugin:expo-autolinking-plugin:classes UP-TO-DATE
> Task :gradle-plugin:react-native-gradle-plugin:compileKotlin UP-TO-DATE
> Task :expo-gradle-plugin:expo-autolinking-plugin:jar UP-TO-DATE
> Task :gradle-plugin:react-native-gradle-plugin:compileJava NO-SOURCE
> Task :gradle-plugin:react-native-gradle-plugin:pluginDescriptors UP-TO-DATE
> Task :gradle-plugin:react-native-gradle-plugin:processResources UP-TO-DATE
> Task :gradle-plugin:react-native-gradle-plugin:classes UP-TO-DATE
> Task :gradle-plugin:react-native-gradle-plugin:jar UP-TO-DATE
> Task :expo-module-gradle-plugin:compileKotlin UP-TO-DATE
> Task :expo-module-gradle-plugin:compileJava NO-SOURCE
> Task :expo-module-gradle-plugin:classes UP-TO-DATE
> Task :expo-module-gradle-plugin:jar UP-TO-DATE

> Configure project :
[32m[ExpoRootProject][0m Using the following versions:
  - buildTools:  [32m36.0.0[0m
  - minSdk:      [32m24[0m
  - compileSdk:  [32m34[0m
  - targetSdk:   [32m34[0m
  - ndk:         [32m27.1.12297006[0m
  - kotlin:      [32m2.1.20[0m
  - ksp:         [32m2.1.20-2.0.1[0m

> Configure project :expo

Using expo modules
  - [32mapp-launcher[0m (unspecified)
  - [32mexpo-av[0m (15.0.2)
  - [32mexpo-background-fetch[0m (12.0.1)
  - [32mexpo-constants[0m (18.0.13)
  - [32mexpo-haptics[0m (14.0.1)
  - [32mexpo-modules-core[0m (3.0.29)
  - [32mexpo-speech[0m (13.0.1)
  - [32mexpo-task-manager[0m (12.0.6)
  - [32munimodules-app-loader[0m (5.0.1)
  - [33m[?][0m [32mexpo-application[0m (7.0.8)
  - [33m[?][0m [32mexpo-asset[0m (12.0.12)
  - [33m[?][0m [32mexpo-document-picker[0m (14.0.8)
  - [33m[?][0m [32mexpo-file-system[0m (19.0.21)
  - [33m[?][0m [32mexpo-font[0m (14.0.11)
  - [33m[?][0m [32mexpo-keep-awake[0m (15.0.8)
  - [33m[?][0m [32mexpo-notifications[0m (0.32.16)
  - [33m[?][0m [32mexpo-sharing[0m (14.0.8)
  - [33m[?][0m [32mexpo-splash-screen[0m (31.0.13)
  - [33m[?][0m [32mexpo-sqlite[0m (16.0.10)


> Task :expo-haptics:preBuild UP-TO-DATE
> Task :expo-av:preBuild UP-TO-DATE
> Task :app-launcher:preBuild UP-TO-DATE
> Task :expo-background-fetch:preBuild UP-TO-DATE
> Task :expo-speech:preBuild UP-TO-DATE
> Task :expo-modules-core:preBuild UP-TO-DATE
> Task :react-native-safe-area-context:preBuild UP-TO-DATE
> Task :react-native-svg:preBuild UP-TO-DATE
> Task :react-native-screens:preBuild UP-TO-DATE
> Task :expo-task-manager:preBuild UP-TO-DATE
> Task :unimodules-app-loader:preBuild UP-TO-DATE
> Task :app-launcher:preDebugBuild UP-TO-DATE
> Task :expo-background-fetch:preDebugBuild UP-TO-DATE
> Task :expo-av:preDebugBuild UP-TO-DATE
> Task :app:generateAutolinkingPackageList
> Task :app:generateCodegenSchemaFromJavaScript SKIPPED
> Task :app:generateCodegenArtifactsFromSchema SKIPPED
> Task :app:generateReactNativeEntryPoint
> Task :app:checkKotlinGradlePluginConfigurationErrors SKIPPED
> Task :expo-haptics:preDebugBuild UP-TO-DATE
> Task :expo-background-fetch:writeDebugAarMetadata
> Task :expo-modules-core:preDebugBuild UP-TO-DATE
> Task :app-launcher:writeDebugAarMetadata
> Task :expo-speech:preDebugBuild UP-TO-DATE
> Task :expo-av:writeDebugAarMetadata
> Task :expo-task-manager:preDebugBuild UP-TO-DATE
> Task :expo-speech:writeDebugAarMetadata
> Task :expo-haptics:writeDebugAarMetadata
> Task :react-native-safe-area-context:preDebugBuild UP-TO-DATE
> Task :react-native-screens:preDebugBuild UP-TO-DATE
> Task :expo-task-manager:writeDebugAarMetadata
> Task :react-native-svg:preDebugBuild UP-TO-DATE
> Task :expo-modules-core:writeDebugAarMetadata
> Task :unimodules-app-loader:preDebugBuild UP-TO-DATE
> Task :react-native-safe-area-context:writeDebugAarMetadata
> Task :react-native-svg:writeDebugAarMetadata
> Task :react-native-screens:writeDebugAarMetadata
> Task :unimodules-app-loader:writeDebugAarMetadata
> Task :expo-av:generateDebugResValues
> Task :app-launcher:generateDebugResValues
> Task :expo-background-fetch:generateDebugResValues
> Task :expo-haptics:generateDebugResValues
> Task :app-launcher:generateDebugResources
> Task :expo-background-fetch:generateDebugResources
> Task :expo-haptics:generateDebugResources
> Task :expo-av:generateDebugResources
> Task :expo-haptics:packageDebugResources
> Task :expo-modules-core:generateDebugResValues
> Task :app-launcher:packageDebugResources
> Task :expo-modules-core:generateDebugResources
> Task :react-native-worklets:assertMinimalReactNativeVersionTask
> Task :react-native-worklets:assertNewArchitectureEnabledTask FAILED
> Task :expo-speech:generateDebugResValues
> Task :expo-modules-core:packageDebugResources
> Task :expo-background-fetch:packageDebugResources
> Task :react-native-reanimated:assertMinimalReactNativeVersionTask
> Task :expo-av:packageDebugResources

> Task :expo-constants:createExpoConfig

> Task :expo:generatePackagesList

[Incubating] Problems report is available at: file:///C:/Vault/Guru/android/build/reports/problems/problems-report.html

Deprecated Gradle features were used in this build, making it incompatible with Gradle 9.0.

You can use '--warning-mode all' to show the individual deprecation warnings and determine if they come from your own scripts or plugins.

For more on this, please refer to https://docs.gradle.org/8.14.3/userguide/command_line_interface.html#sec:command_line_warnings in the Gradle documentation.
58 actionable tasks: 34 executed, 24 up-to-date
